<?xml version="1.0" encoding="UTF-8"?>
<robot generator="Robot 5.0.1 (Python 3.10.4 on win32)" generated="20220613 12:46:39.018" rpa="false" schemaversion="3">
<suite id="s1" name="Example" source="G:\BitBucket\praca_inzynierska\ROBOTFRAMEWORK\Tests\kdt\Example.robot">
<kw name="Suite start" type="SETUP">
<kw name="Set Selenium Implicit Wait" library="SeleniumLibrary">
<arg>10</arg>
<doc>Sets the implicit wait value used by Selenium.</doc>
<status status="PASS" starttime="20220613 12:46:39.265" endtime="20220613 12:46:39.266"/>
</kw>
<status status="PASS" starttime="20220613 12:46:39.265" endtime="20220613 12:46:39.266"/>
</kw>
<test id="s1-t1" name="Login with proper credentials" line="11">
<kw name="Open Browser" library="SeleniumLibrary">
<arg>${URL}</arg>
<arg>${Browser}</arg>
<doc>Opens a new browser instance to the optional ``url``.</doc>
<msg timestamp="20220613 12:46:39.267" level="INFO">Opening browser 'Chrome' to base url 'https://github.com/'.</msg>
<status status="PASS" starttime="20220613 12:46:39.267" endtime="20220613 12:46:41.908"/>
</kw>
<status status="PASS" starttime="20220613 12:46:39.266" endtime="20220613 12:46:41.908"/>
</test>
<kw name="Suite shutdown" type="TEARDOWN">
<kw name="Close Browser" library="SeleniumLibrary">
<doc>Closes the current browser.</doc>
<status status="PASS" starttime="20220613 12:46:41.910" endtime="20220613 12:46:44.075"/>
</kw>
<status status="PASS" starttime="20220613 12:46:41.910" endtime="20220613 12:46:44.075"/>
</kw>
<status status="PASS" starttime="20220613 12:46:39.021" endtime="20220613 12:46:44.075"/>
</suite>
<statistics>
<total>
<stat pass="1" fail="0" skip="0">All Tests</stat>
</total>
<tag>
</tag>
<suite>
<stat pass="1" fail="0" skip="0" id="s1" name="Example">Example</stat>
</suite>
</statistics>
<errors>
</errors>
</robot>
